<?xml version="1.0" encoding="UTF-8"?>
<testsuites>
  <testsuite name="/Users/aj/Workspace/paghiper/phpunit.xml.dist" tests="1" assertions="1" errors="0" failures="0" skipped="0" time="0.015876">
    <testsuite name="PagHiper Test Suite" tests="1" assertions="1" errors="0" failures="0" skipped="0" time="0.015876">
      <testsuite name="P\Tests\ExampleTest" file="/Users/aj/Workspace/paghiper/vendor/pestphp/pest/src/Factories/TestCaseFactory.php(196) : eval()'d code" tests="1" assertions="1" errors="0" failures="0" skipped="0" time="0.015876">
        <testcase name="__pest_evaluable_it_can_test" file="/Users/aj/Workspace/paghiper/vendor/pestphp/pest/src/Factories/TestCaseFactory.php(196) : eval()'d code" line="22" class="P\Tests\ExampleTest" classname="P.Tests.ExampleTest" assertions="1" time="0.015876"/>
      </testsuite>
    </testsuite>
  </testsuite>
</testsuites>
